0 info it worked if it ends with ok
1 verbose cli [ '/usr/bin/nodejs', '/usr/bin/npm', 'publish', './' ]
2 info using npm@3.5.2
3 info using node@v4.2.6
4 verbose publish [ './' ]
5 silly cache add args [ './', null ]
6 verbose cache add spec ./
7 silly cache add parsed spec Result {
7 silly cache add   raw: './',
7 silly cache add   scope: null,
7 silly cache add   name: null,
7 silly cache add   rawSpec: './',
7 silly cache add   spec: '/home/hedzer/Dropbox/Projects/GitHub/rollup-import-alias',
7 silly cache add   type: 'directory' }
8 verbose addLocalDirectory /home/hedzer/.npm/rollup-plugin-import-alias/1.0.1/package.tgz not in flight; packing
9 info lifecycle rollup-plugin-import-alias@1.0.1~prepublish: rollup-plugin-import-alias@1.0.1
10 silly lifecycle rollup-plugin-import-alias@1.0.1~prepublish: no script for prepublish, continuing
11 verbose tar pack [ '/home/hedzer/.npm/rollup-plugin-import-alias/1.0.1/package.tgz',
11 verbose tar pack   '/home/hedzer/Dropbox/Projects/GitHub/rollup-import-alias' ]
12 verbose tarball /home/hedzer/.npm/rollup-plugin-import-alias/1.0.1/package.tgz
13 verbose folder /home/hedzer/Dropbox/Projects/GitHub/rollup-import-alias
14 verbose addLocalTarball adding from inside cache /home/hedzer/.npm/rollup-plugin-import-alias/1.0.1/package.tgz
15 silly cache afterAdd rollup-plugin-import-alias@1.0.1
16 verbose afterAdd /home/hedzer/.npm/rollup-plugin-import-alias/1.0.1/package/package.json not in flight; writing
17 verbose afterAdd /home/hedzer/.npm/rollup-plugin-import-alias/1.0.1/package/package.json written
18 silly publish { name: 'rollup-plugin-import-alias',
18 silly publish   version: '1.0.1',
18 silly publish   description: 'Provides directory aliases for es2015 import statements',
18 silly publish   main: 'index.js',
18 silly publish   scripts: { test: 'echo "Error: no test specified" && exit 1' },
18 silly publish   repository:
18 silly publish    { type: 'git',
18 silly publish      url: 'git+https://github.com/Hedzer/rollup-plugin-import-alias.git' },
18 silly publish   keywords: [ 'rollup', 'alias', 'import', 'es2015' ],
18 silly publish   author: { name: 'Hedzer Ferwerda', email: 'hedzer87@gmail.com' },
18 silly publish   license: 'MIT',
18 silly publish   bugs: { url: 'https://github.com/Hedzer/rollup-plugin-import-alias/issues' },
18 silly publish   homepage: 'https://github.com/Hedzer/rollup-plugin-import-alias#readme',
18 silly publish   readme: 'Rollup Import Alias\r\n=========\r\n\r\nProvides directory aliases for es2015 import statements. \r\n\r\n## Installation\r\n\r\n  npm install rollup-plugin-import-alias --save-dev\r\n\r\n## Usage\r\n### In rollup.plugins\r\n```javascript\r\nvar importAlias = require(\'rollup-plugin-import-alias\');\r\n\r\nimportAlias({\r\n    Paths: {\r\n        Alias:path.join(__dirname, \'/AliasTest/Alias\'),\r\n\t    Framework:path.join(__dirname, \'/Framework\')\t\t\t\t\t\t\r\n    },\r\n    Extensions: [\'js\']\r\n});\r\n```\r\n### In your modules\r\n```javascript\r\nimport isArray from \'Alias/isArray\';\r\n```\r\nThis import would actually look for file `./AliasTest/Alias/isArray`\r\n\r\n## So? Why Care\r\n    As I\'ve worked more with ES2015 import statements I\'ve noticed absolute paths being used to avoid "import hell".  This is great, but creates issues when copying files into other subdirectories that would break those paths.  With this super simple utility those absolute paths can be correctly re-mapped. \r\n',
18 silly publish   readmeFilename: 'README.md',
18 silly publish   gitHead: 'e81183b9252f8edaad1a51627a4ca1facfd27d9a',
18 silly publish   _id: 'rollup-plugin-import-alias@1.0.1',
18 silly publish   _shasum: '5c017739b5c64020804b9efa638e1463b16abfbe',
18 silly publish   _from: '.' }
19 verbose getPublishConfig undefined
20 silly mapToRegistry name rollup-plugin-import-alias
21 silly mapToRegistry using default registry
22 silly mapToRegistry registry https://registry.npmjs.org/
23 silly mapToRegistry uri https://registry.npmjs.org/rollup-plugin-import-alias
24 verbose publish registryBase https://registry.npmjs.org/
25 silly publish uploading /home/hedzer/.npm/rollup-plugin-import-alias/1.0.1/package.tgz
26 verbose request uri https://registry.npmjs.org/rollup-plugin-import-alias
27 verbose request sending authorization for write operation
28 info attempt registry request try #1 at 9:33:03 PM
29 verbose request using bearer token for auth
30 verbose request id d681e4a700b1754b
31 http request PUT https://registry.npmjs.org/rollup-plugin-import-alias
32 http 403 https://registry.npmjs.org/rollup-plugin-import-alias
33 verbose headers { 'content-type': 'application/json',
33 verbose headers   'cache-control': 'max-age=300',
33 verbose headers   'content-length': '95',
33 verbose headers   'accept-ranges': 'bytes',
33 verbose headers   date: 'Thu, 09 Feb 2017 02:33:04 GMT',
33 verbose headers   via: '1.1 varnish',
33 verbose headers   connection: 'keep-alive',
33 verbose headers   'x-served-by': 'cache-jfk8144-JFK',
33 verbose headers   'x-cache': 'MISS',
33 verbose headers   'x-cache-hits': '0',
33 verbose headers   'x-timer': 'S1486607583.459967,VS0,VE629',
33 verbose headers   vary: 'Accept-Encoding' }
34 verbose request invalidating /home/hedzer/.npm/registry.npmjs.org/rollup-plugin-import-alias on PUT
35 error publish Failed PUT 403
36 verbose stack Error: "You cannot publish over the previously published version 1.0.1." : rollup-plugin-import-alias
36 verbose stack     at makeError (/usr/share/npm/node_modules/npm-registry-client/lib/request.js:264:12)
36 verbose stack     at CachingRegistryClient.<anonymous> (/usr/share/npm/node_modules/npm-registry-client/lib/request.js:252:14)
36 verbose stack     at Request._callback (/usr/share/npm/node_modules/npm-registry-client/lib/request.js:172:14)
36 verbose stack     at Request.self.callback (/usr/share/npm/node_modules/request/request.js:198:22)
36 verbose stack     at emitTwo (events.js:87:13)
36 verbose stack     at Request.emit (events.js:172:7)
36 verbose stack     at Request.<anonymous> (/usr/share/npm/node_modules/request/request.js:1082:10)
36 verbose stack     at emitOne (events.js:82:20)
36 verbose stack     at Request.emit (events.js:169:7)
36 verbose stack     at IncomingMessage.<anonymous> (/usr/share/npm/node_modules/request/request.js:1009:12)
37 verbose statusCode 403
38 verbose pkgid rollup-plugin-import-alias
39 verbose cwd /home/hedzer/Dropbox/Projects/GitHub/rollup-import-alias
40 error Linux 4.4.0-62-generic
41 error argv "/usr/bin/nodejs" "/usr/bin/npm" "publish" "./"
42 error node v4.2.6
43 error npm  v3.5.2
44 error code E403
45 error "You cannot publish over the previously published version 1.0.1." : rollup-plugin-import-alias
46 error If you need help, you may report this error at:
46 error     <https://github.com/npm/npm/issues>
47 verbose exit [ 1, true ]
